C:\Users\tyiN\Downloads\Desktop\Source\MetaHook\Release\CL.3312.read.1.tlog
C:\Users\tyiN\Downloads\Desktop\Source\MetaHook\Release\CL.3312.write.1.tlog
C:\Users\tyiN\Downloads\Desktop\Source\MetaHook\Release\CL.6156.read.1.tlog
C:\Users\tyiN\Downloads\Desktop\Source\MetaHook\Release\CL.6156.write.1.tlog
C:\Users\tyiN\Downloads\Desktop\Source\MetaHook\Release\CL.6860.read.1.tlog
C:\Users\tyiN\Downloads\Desktop\Source\MetaHook\Release\CL.6860.write.1.tlog
C:\Users\tyiN\Downloads\Desktop\Source\MetaHook\Release\CL.7568.read.1.tlog
C:\Users\tyiN\Downloads\Desktop\Source\MetaHook\Release\CL.7568.write.1.tlog
C:\Users\tyiN\Downloads\Desktop\Source\MetaHook\Release\cl.command.1.tlog
C:\Users\tyiN\Downloads\Desktop\Source\MetaHook\Release\CL.read.1.tlog
C:\Users\tyiN\Downloads\Desktop\Source\MetaHook\Release\cl.write.1.tlog
C:\Users\tyiN\Downloads\Desktop\Source\MetaHook\Release\detours.obj
C:\Users\tyiN\Downloads\Desktop\Source\MetaHook\Release\disasm.obj
C:\Users\tyiN\Downloads\Desktop\Source\MetaHook\Release\image.obj
C:\Users\tyiN\Downloads\Desktop\Source\MetaHook\Release\link.command.1.tlog
C:\Users\tyiN\Downloads\Desktop\Source\MetaHook\Release\link.read.1.tlog
C:\Users\tyiN\Downloads\Desktop\Source\MetaHook\Release\link.write.1.tlog
C:\Users\tyiN\Downloads\Desktop\Source\MetaHook\Release\LoadBlob.obj
C:\Users\tyiN\Downloads\Desktop\Source\MetaHook\Release\memdll.obj
C:\Users\tyiN\Downloads\Desktop\Source\MetaHook\Release\MetaHook.exp
C:\Users\tyiN\Downloads\Desktop\Source\MetaHook\Release\metahook.obj
C:\Users\tyiN\Downloads\Desktop\Source\MetaHook\Release\modules.obj
C:\USERS\TYIN\DOWNLOADS\DESKTOP\SOURCE\METAHOOK\RELEASE\VC100.PDB
